<?xml version="1.0" encoding="UTF-8"?>
<coverage generated="1607954305601" clover="3.2.0">
  <project timestamp="1607954305601" name="All files">
    <metrics statements="28" coveredstatements="28" conditionals="8" coveredconditionals="6" methods="11" coveredmethods="7" elements="47" coveredelements="41" complexity="0" loc="28" ncloc="28" packages="1" files="1" classes="1"/>
    <file name="useForm.tsx" path="/Users/yauheni/evsx-hook-form/src/hooks/useForm.tsx">
      <metrics statements="28" coveredstatements="28" conditionals="8" coveredconditionals="6" methods="11" coveredmethods="7"/>
      <line num="1" count="1" type="stmt"/>
      <line num="39" count="1" type="stmt"/>
      <line num="40" count="12" type="stmt"/>
      <line num="42" count="12" type="stmt"/>
      <line num="44" count="12" type="stmt"/>
      <line num="52" count="12" type="stmt"/>
      <line num="53" count="1" type="stmt"/>
      <line num="55" count="1" type="cond" truecount="1" falsecount="1"/>
      <line num="56" count="1" type="stmt"/>
      <line num="60" count="12" type="stmt"/>
      <line num="62" count="12" type="stmt"/>
      <line num="63" count="6" type="stmt"/>
      <line num="64" count="6" type="stmt"/>
      <line num="65" count="6" type="cond" truecount="1" falsecount="1"/>
      <line num="67" count="6" type="stmt"/>
      <line num="70" count="12" type="stmt"/>
      <line num="71" count="3" type="stmt"/>
      <line num="73" count="3" type="stmt"/>
      <line num="74" count="3" type="stmt"/>
      <line num="76" count="3" type="cond" truecount="2" falsecount="0"/>
      <line num="77" count="1" type="stmt"/>
      <line num="79" count="2" type="stmt"/>
      <line num="82" count="3" type="cond" truecount="2" falsecount="0"/>
      <line num="83" count="1" type="stmt"/>
      <line num="85" count="1" type="stmt"/>
      <line num="88" count="2" type="stmt"/>
      <line num="91" count="12" type="stmt"/>
      <line num="94" count="1" type="stmt"/>
    </file>
  </project>
</coverage>
