{"/Users/yauheni/evsx-hook-form/src/hooks/useForm.tsx": {"path":"/Users/yauheni/evsx-hook-form/src/hooks/useForm.tsx","statementMap":{"0":{"start":{"line":1,"column":0},"end":{"line":1,"column":40}},"1":{"start":{"line":39,"column":14},"end":{"line":92,"column":1}},"2":{"start":{"line":40,"column":38},"end":{"line":40,"column":43}},"3":{"start":{"line":42,"column":30},"end":{"line":42,"column":53}},"4":{"start":{"line":44,"column":22},"end":{"line":50,"column":6}},"5":{"start":{"line":52,"column":4},"end":{"line":58,"column":6}},"6":{"start":{"line":53,"column":8},"end":{"line":53,"column":27}},"7":{"start":{"line":55,"column":8},"end":{"line":57,"column":null}},"8":{"start":{"line":56,"column":12},"end":{"line":56,"column":34}},"9":{"start":{"line":60,"column":4},"end":{"line":60,"column":null}},"10":{"start":{"line":60,"column":61},"end":{"line":60,"column":100}},"11":{"start":{"line":62,"column":4},"end":{"line":68,"column":6}},"12":{"start":{"line":63,"column":19},"end":{"line":63,"column":32}},"13":{"start":{"line":64,"column":25},"end":{"line":64,"column":53}},"14":{"start":{"line":65,"column":20},"end":{"line":65,"column":66}},"15":{"start":{"line":67,"column":8},"end":{"line":67,"column":40}},"16":{"start":{"line":70,"column":4},"end":{"line":89,"column":6}},"17":{"start":{"line":71,"column":45},"end":{"line":71,"column":55}},"18":{"start":{"line":73,"column":44},"end":{"line":73,"column":87}},"19":{"start":{"line":74,"column":25},"end":{"line":74,"column":51}},"20":{"start":{"line":76,"column":8},"end":{"line":80,"column":null}},"21":{"start":{"line":77,"column":12},"end":{"line":77,"column":47}},"22":{"start":{"line":79,"column":12},"end":{"line":79,"column":45}},"23":{"start":{"line":82,"column":8},"end":{"line":86,"column":null}},"24":{"start":{"line":83,"column":47},"end":{"line":83,"column":56}},"25":{"start":{"line":85,"column":12},"end":{"line":85,"column":94}},"26":{"start":{"line":85,"column":49},"end":{"line":85,"column":92}},"27":{"start":{"line":88,"column":8},"end":{"line":88,"column":86}},"28":{"start":{"line":88,"column":45},"end":{"line":88,"column":84}},"29":{"start":{"line":91,"column":4},"end":{"line":91,"column":16}},"30":{"start":{"line":94,"column":0},"end":{"line":94,"column":23}}},"fnMap":{"0":{"name":"(anonymous_6)","decl":{"start":{"line":39,"column":14},"end":{"line":39,"column":15}},"loc":{"start":{"line":39,"column":32},"end":{"line":92,"column":1}}},"1":{"name":"(anonymous_7)","decl":{"start":{"line":46,"column":18},"end":{"line":46,"column":21}},"loc":{"start":{"line":46,"column":23},"end":{"line":46,"column":26}}},"2":{"name":"(anonymous_8)","decl":{"start":{"line":47,"column":18},"end":{"line":47,"column":21}},"loc":{"start":{"line":47,"column":23},"end":{"line":47,"column":26}}},"3":{"name":"(anonymous_9)","decl":{"start":{"line":48,"column":23},"end":{"line":48,"column":26}},"loc":{"start":{"line":48,"column":28},"end":{"line":48,"column":31}}},"4":{"name":"(anonymous_10)","decl":{"start":{"line":49,"column":18},"end":{"line":49,"column":21}},"loc":{"start":{"line":49,"column":23},"end":{"line":49,"column":26}}},"5":{"name":"(anonymous_11)","decl":{"start":{"line":52,"column":20},"end":{"line":52,"column":21}},"loc":{"start":{"line":52,"column":65},"end":{"line":58,"column":5}}},"6":{"name":"(anonymous_12)","decl":{"start":{"line":60,"column":25},"end":{"line":60,"column":26}},"loc":{"start":{"line":60,"column":61},"end":{"line":60,"column":100}}},"7":{"name":"(anonymous_13)","decl":{"start":{"line":62,"column":20},"end":{"line":62,"column":21}},"loc":{"start":{"line":62,"column":63},"end":{"line":68,"column":5}}},"8":{"name":"(anonymous_14)","decl":{"start":{"line":70,"column":20},"end":{"line":70,"column":21}},"loc":{"start":{"line":70,"column":51},"end":{"line":89,"column":5}}},"9":{"name":"(anonymous_15)","decl":{"start":{"line":85,"column":19},"end":{"line":85,"column":20}},"loc":{"start":{"line":85,"column":49},"end":{"line":85,"column":92}}},"10":{"name":"(anonymous_16)","decl":{"start":{"line":88,"column":15},"end":{"line":88,"column":16}},"loc":{"start":{"line":88,"column":45},"end":{"line":88,"column":84}}}},"branchMap":{"0":{"loc":{"start":{"line":55,"column":8},"end":{"line":57,"column":null}},"type":"if","locations":[{"start":{"line":55,"column":8},"end":{"line":57,"column":null}},{"start":{"line":55,"column":8},"end":{"line":57,"column":null}}]},"1":{"loc":{"start":{"line":65,"column":33},"end":{"line":65,"column":49}},"type":"cond-expr","locations":[{"start":{"line":65,"column":33},"end":{"line":65,"column":49}},{"start":{"line":65,"column":52},"end":{"line":65,"column":66}}]},"2":{"loc":{"start":{"line":76,"column":8},"end":{"line":80,"column":null}},"type":"if","locations":[{"start":{"line":76,"column":8},"end":{"line":80,"column":null}},{"start":{"line":76,"column":8},"end":{"line":80,"column":null}}]},"3":{"loc":{"start":{"line":82,"column":8},"end":{"line":86,"column":null}},"type":"if","locations":[{"start":{"line":82,"column":8},"end":{"line":86,"column":null}},{"start":{"line":82,"column":8},"end":{"line":86,"column":null}}]}},"s":{"0":1,"1":1,"2":12,"3":12,"4":12,"5":12,"6":1,"7":1,"8":1,"9":12,"10":7,"11":12,"12":6,"13":6,"14":6,"15":6,"16":12,"17":3,"18":3,"19":3,"20":3,"21":1,"22":2,"23":3,"24":1,"25":1,"26":1,"27":2,"28":2,"29":12,"30":1},"f":{"0":12,"1":0,"2":0,"3":0,"4":0,"5":1,"6":7,"7":6,"8":3,"9":1,"10":2},"b":{"0":[1,0],"1":[0,6],"2":[1,2],"3":[1,2]}}
}
