TN:
SF:src/hooks/useForm.tsx
FN:39,(anonymous_6)
FN:46,(anonymous_7)
FN:47,(anonymous_8)
FN:48,(anonymous_9)
FN:49,(anonymous_10)
FN:52,(anonymous_11)
FN:60,(anonymous_12)
FN:62,(anonymous_13)
FN:70,(anonymous_14)
FN:85,(anonymous_15)
FN:88,(anonymous_16)
FNF:11
FNH:7
FNDA:12,(anonymous_6)
FNDA:0,(anonymous_7)
FNDA:0,(anonymous_8)
FNDA:0,(anonymous_9)
FNDA:0,(anonymous_10)
FNDA:1,(anonymous_11)
FNDA:7,(anonymous_12)
FNDA:6,(anonymous_13)
FNDA:3,(anonymous_14)
FNDA:1,(anonymous_15)
FNDA:2,(anonymous_16)
DA:1,1
DA:39,1
DA:40,12
DA:42,12
DA:44,12
DA:52,12
DA:53,1
DA:55,1
DA:56,1
DA:60,12
DA:62,12
DA:63,6
DA:64,6
DA:65,6
DA:67,6
DA:70,12
DA:71,3
DA:73,3
DA:74,3
DA:76,3
DA:77,1
DA:79,2
DA:82,3
DA:83,1
DA:85,1
DA:88,2
DA:91,12
DA:94,1
LF:28
LH:28
BRDA:55,0,0,1
BRDA:55,0,1,0
BRDA:65,1,0,0
BRDA:65,1,1,6
BRDA:76,2,0,1
BRDA:76,2,1,2
BRDA:82,3,0,1
BRDA:82,3,1,2
BRF:8
BRH:6
end_of_record
